06/06/2024 04:10:10 - INFO - Server set up at ('127.0.0.1', 1024).
06/06/2024 04:10:10 - INFO - Connection accepted from ('127.0.0.1', 26252).
06/06/2024 04:10:14 - INFO - Welcome a
06/06/2024 04:10:15 - INFO - Threads:
	fd 
	(Published at:06/06/2024 04:00:08).
	Help! 
	(Published at:06/06/2024 04:06:41).
	
06/06/2024 04:10:17 - INFO - DONE
06/06/2024 04:10:18 - INFO - Threads:
	fd 
	(Published at:06/06/2024 04:00:08).
	Help! 
	(Published at:06/06/2024 04:06:41).
	
06/06/2024 04:10:22 - ERROR - Invalid file path was provided.
06/06/2024 04:10:22 - INFO - DONE
06/06/2024 04:10:24 - ERROR - Invalid file path was provided.
06/06/2024 04:10:24 - INFO - DONE
06/06/2024 04:10:25 - ERROR - Invalid file path was provided.
06/06/2024 04:10:25 - INFO - DONE
06/06/2024 04:12:27 - INFO - Connection accepted from ('127.0.0.1', 26593).
06/06/2024 05:17:50 - INFO - Server Closed.
